0 info it worked if it ends with ok
1 verbose cli [ 'node',
1 verbose cli   '/usr/local/bin/npm',
1 verbose cli   'install',
1 verbose cli   'ng-mobile-menu',
1 verbose cli   '--save' ]
2 info using npm@2.12.1
3 info using node@v0.12.7
4 verbose node symlink /usr/local/bin/node
5 verbose install initial load of /Users/skylerdegrote/Desktop/web-dev-learning/gift-tracker-app/gift-tracker/package.json
6 warn package.json gift-tracker-app@1.0.0 No repository field.
7 verbose installManyTop reading scoped package data from /Users/skylerdegrote/Desktop/web-dev-learning/gift-tracker-app/gift-tracker/node_modules/angular/package.json
8 verbose installManyTop reading scoped package data from /Users/skylerdegrote/Desktop/web-dev-learning/gift-tracker-app/gift-tracker/node_modules/angular-animate/package.json
9 verbose installManyTop reading scoped package data from /Users/skylerdegrote/Desktop/web-dev-learning/gift-tracker-app/gift-tracker/node_modules/angular-aria/package.json
10 verbose installManyTop reading scoped package data from /Users/skylerdegrote/Desktop/web-dev-learning/gift-tracker-app/gift-tracker/node_modules/angular-material/package.json
11 verbose installManyTop reading scoped package data from /Users/skylerdegrote/Desktop/web-dev-learning/gift-tracker-app/gift-tracker/node_modules/angular-route/package.json
12 verbose installManyTop reading scoped package data from /Users/skylerdegrote/Desktop/web-dev-learning/gift-tracker-app/gift-tracker/node_modules/bcrypt/package.json
13 verbose installManyTop reading scoped package data from /Users/skylerdegrote/Desktop/web-dev-learning/gift-tracker-app/gift-tracker/node_modules/body-parser/package.json
14 verbose installManyTop reading scoped package data from /Users/skylerdegrote/Desktop/web-dev-learning/gift-tracker-app/gift-tracker/node_modules/express/package.json
15 verbose installManyTop reading scoped package data from /Users/skylerdegrote/Desktop/web-dev-learning/gift-tracker-app/gift-tracker/node_modules/express-session/package.json
16 verbose installManyTop reading scoped package data from /Users/skylerdegrote/Desktop/web-dev-learning/gift-tracker-app/gift-tracker/node_modules/grunt/package.json
17 verbose installManyTop reading scoped package data from /Users/skylerdegrote/Desktop/web-dev-learning/gift-tracker-app/gift-tracker/node_modules/grunt-contrib-copy/package.json
18 verbose installManyTop reading scoped package data from /Users/skylerdegrote/Desktop/web-dev-learning/gift-tracker-app/gift-tracker/node_modules/grunt-contrib-uglify/package.json
19 verbose installManyTop reading scoped package data from /Users/skylerdegrote/Desktop/web-dev-learning/gift-tracker-app/gift-tracker/node_modules/mongoose/package.json
20 verbose installManyTop reading scoped package data from /Users/skylerdegrote/Desktop/web-dev-learning/gift-tracker-app/gift-tracker/node_modules/passport/package.json
21 verbose installManyTop reading scoped package data from /Users/skylerdegrote/Desktop/web-dev-learning/gift-tracker-app/gift-tracker/node_modules/passport-local/package.json
22 verbose installManyTop reading scoped package data from /Users/skylerdegrote/Desktop/web-dev-learning/gift-tracker-app/gift-tracker/node_modules/path/package.json
23 info package.json angular-material@0.11.4 No license field.
24 info package.json grunt@0.4.5 No license field.
25 info package.json passport-local@1.0.0 No license field.
26 info package.json path@0.12.7 path is also the name of a node core module.
27 verbose readDependencies loading dependencies from /Users/skylerdegrote/Desktop/web-dev-learning/gift-tracker-app/gift-tracker/package.json
28 silly cache add args [ 'ng-mobile-menu', null ]
29 verbose cache add spec ng-mobile-menu
30 silly cache add parsed spec { raw: 'ng-mobile-menu',
30 silly cache add   scope: null,
30 silly cache add   name: 'ng-mobile-menu',
30 silly cache add   rawSpec: '',
30 silly cache add   spec: '*',
30 silly cache add   type: 'range' }
31 silly addNamed ng-mobile-menu@*
32 verbose addNamed "*" is a valid semver range for ng-mobile-menu
33 silly addNameRange { name: 'ng-mobile-menu', range: '*', hasData: false }
34 silly mapToRegistry name ng-mobile-menu
35 silly mapToRegistry using default registry
36 silly mapToRegistry registry https://registry.npmjs.org/
37 silly mapToRegistry uri https://registry.npmjs.org/ng-mobile-menu
38 verbose addNameRange registry:https://registry.npmjs.org/ng-mobile-menu not in flight; fetching
39 verbose request uri https://registry.npmjs.org/ng-mobile-menu
40 verbose request no auth needed
41 info attempt registry request try #1 at 19:58:17
42 verbose request id 786643ff4d41ab15
43 http request GET https://registry.npmjs.org/ng-mobile-menu
44 http 404 https://registry.npmjs.org/ng-mobile-menu
45 verbose headers { 'content-type': 'application/json',
45 verbose headers   'cache-control': 'max-age=0',
45 verbose headers   'content-length': '2',
45 verbose headers   'accept-ranges': 'bytes',
45 verbose headers   date: 'Sun, 01 Nov 2015 00:58:18 GMT',
45 verbose headers   via: '1.1 varnish',
45 verbose headers   age: '0',
45 verbose headers   connection: 'keep-alive',
45 verbose headers   'x-served-by': 'cache-ord1722-ORD',
45 verbose headers   'x-cache': 'MISS',
45 verbose headers   'x-cache-hits': '0',
45 verbose headers   'x-timer': 'S1446339498.278658,VS0,VE154' }
46 silly get cb [ 404,
46 silly get   { 'content-type': 'application/json',
46 silly get     'cache-control': 'max-age=0',
46 silly get     'content-length': '2',
46 silly get     'accept-ranges': 'bytes',
46 silly get     date: 'Sun, 01 Nov 2015 00:58:18 GMT',
46 silly get     via: '1.1 varnish',
46 silly get     age: '0',
46 silly get     connection: 'keep-alive',
46 silly get     'x-served-by': 'cache-ord1722-ORD',
46 silly get     'x-cache': 'MISS',
46 silly get     'x-cache-hits': '0',
46 silly get     'x-timer': 'S1446339498.278658,VS0,VE154' } ]
47 verbose stack Error: Registry returned 404 for GET on https://registry.npmjs.org/ng-mobile-menu
47 verbose stack     at CachingRegistryClient.<anonymous> (/usr/local/lib/node_modules/npm/node_modules/npm-registry-client/lib/request.js:239:14)
47 verbose stack     at Request._callback (/usr/local/lib/node_modules/npm/node_modules/npm-registry-client/lib/request.js:170:14)
47 verbose stack     at Request.self.callback (/usr/local/lib/node_modules/npm/node_modules/request/request.js:197:22)
47 verbose stack     at Request.emit (events.js:110:17)
47 verbose stack     at Request.<anonymous> (/usr/local/lib/node_modules/npm/node_modules/request/request.js:1050:14)
47 verbose stack     at Request.emit (events.js:129:20)
47 verbose stack     at IncomingMessage.<anonymous> (/usr/local/lib/node_modules/npm/node_modules/request/request.js:996:12)
47 verbose stack     at IncomingMessage.emit (events.js:129:20)
47 verbose stack     at _stream_readable.js:908:16
47 verbose stack     at process._tickCallback (node.js:355:11)
48 verbose statusCode 404
49 verbose pkgid ng-mobile-menu
50 verbose cwd /Users/skylerdegrote/Desktop/web-dev-learning/gift-tracker-app/gift-tracker
51 error Darwin 14.5.0
52 error argv "node" "/usr/local/bin/npm" "install" "ng-mobile-menu" "--save"
53 error node v0.12.7
54 error npm  v2.12.1
55 error code E404
56 error 404 Registry returned 404 for GET on https://registry.npmjs.org/ng-mobile-menu
56 error 404
56 error 404 'ng-mobile-menu' is not in the npm registry.
56 error 404 You should bug the author to publish it (or use the name yourself!)
56 error 404 It was specified as a dependency of 'gift-tracker-app'
56 error 404
56 error 404 Note that you can also install from a
56 error 404 tarball, folder, http url, or git url.
57 verbose exit [ 1, true ]
